2020-03-09 21:19:45,263-INFO-test_recharge.py-zzq-日志信息：用例：充值成功-整数，执行[30m[42m通过[39m[49m
2020-03-09 21:19:45,493-INFO-test_recharge.py-zzq-日志信息：用例：充值成功-1位小数，执行[30m[42m通过[39m[49m
2020-03-09 21:19:45,724-INFO-test_recharge.py-zzq-日志信息：用例：充值成功-2位小数，执行[30m[42m通过[39m[49m
2020-03-09 21:19:45,971-INFO-test_recharge.py-zzq-日志信息：用例：充值成功-50万，执行[30m[42m通过[39m[49m
2020-03-09 21:19:46,063-INFO-test_recharge.py-zzq-日志信息：用例：会员id为空，执行[30m[42m通过[39m[49m
2020-03-09 21:19:46,152-INFO-test_recharge.py-zzq-日志信息：用例：id不是当前登录的用户，执行[30m[42m通过[39m[49m
2020-03-09 21:19:46,261-ERROR-test_recharge.py-zzq-日志信息：用例：会员id为字符串，执行[30m[41m未通过[39m[49m
2020-03-09 21:19:46,350-INFO-test_recharge.py-zzq-日志信息：用例：会员id为小数，执行[30m[42m通过[39m[49m
2020-03-09 21:19:46,446-ERROR-test_recharge.py-zzq-日志信息：用例：充值金额为0，执行[30m[41m未通过[39m[49m
2020-03-09 21:19:46,540-ERROR-test_recharge.py-zzq-日志信息：用例：充值金额为负数，执行[30m[41m未通过[39m[49m
2020-03-09 21:19:46,631-ERROR-test_recharge.py-zzq-日志信息：用例：充值金额为空，执行[30m[41m未通过[39m[49m
2020-03-09 21:19:46,720-ERROR-test_recharge.py-zzq-日志信息：用例：充值金额-3位小数，执行[30m[41m未通过[39m[49m
2020-03-09 21:19:46,814-ERROR-test_recharge.py-zzq-日志信息：用例：充值金额-大于50万，执行[30m[41m未通过[39m[49m
2020-03-09 21:19:46,903-INFO-test_recharge.py-zzq-日志信息：用例：充值金额-非数字，执行[30m[42m通过[39m[49m
2020-03-09 21:19:47,050-ERROR-test_register.py-zzq-日志信息：用例：登录成功，执行[30m[41m未通过[39m[49m
2020-03-09 21:19:47,144-ERROR-test_register.py-zzq-日志信息：用例：手机号为空，执行[30m[41m未通过[39m[49m
2020-03-09 21:19:47,233-ERROR-test_register.py-zzq-日志信息：用例：密码为空，执行[30m[41m未通过[39m[49m
2020-03-09 21:19:47,347-INFO-test_register.py-zzq-日志信息：用例：手机号未注册，执行[30m[42m通过[39m[49m
2020-03-09 21:19:47,460-INFO-test_register.py-zzq-日志信息：用例：密码错误，执行[30m[42m通过[39m[49m
2020-03-09 21:19:47,556-INFO-test_register.py-zzq-日志信息：用例：手机号格式错误，执行[30m[42m通过[39m[49m
2020-03-09 21:19:47,791-INFO-test_register.py-zzq-日志信息：用例：注册成功-带注册名，执行[30m[42m通过[39m[49m
2020-03-09 21:19:47,986-INFO-test_register.py-zzq-日志信息：用例：成功-不带用户名，执行[30m[42m通过[39m[49m
2020-03-09 21:19:48,103-INFO-test_register.py-zzq-日志信息：用例：不输入手机号，执行[30m[42m通过[39m[49m
2020-03-09 21:19:48,198-INFO-test_register.py-zzq-日志信息：用例：手机号长度10位，执行[30m[42m通过[39m[49m
2020-03-09 21:19:48,297-INFO-test_register.py-zzq-日志信息：用例：手机号长度12位，执行[30m[42m通过[39m[49m
2020-03-09 21:19:48,396-INFO-test_register.py-zzq-日志信息：用例：手机号含有非法字符，执行[30m[42m通过[39m[49m
2020-03-09 21:19:48,511-INFO-test_register.py-zzq-日志信息：用例：已注册过的手机号，执行[30m[42m通过[39m[49m
2020-03-09 21:19:48,603-INFO-test_register.py-zzq-日志信息：用例：密码7位，执行[30m[42m通过[39m[49m
2020-03-09 21:19:48,702-INFO-test_register.py-zzq-日志信息：用例：密码17位，执行[30m[42m通过[39m[49m
2020-03-09 21:19:48,797-INFO-test_register.py-zzq-日志信息：用例：不输入密码，执行[30m[42m通过[39m[49m
2020-03-09 21:19:48,893-INFO-test_register.py-zzq-日志信息：用例：注册名11位，执行[30m[42m通过[39m[49m
2020-03-09 21:19:48,989-INFO-test_register.py-zzq-日志信息：用例：类型输入非0，1内容，执行[30m[42m通过[39m[49m
2020-03-09 21:19:49,191-INFO-test_register.py-zzq-日志信息：用例：不输入类型，执行[30m[42m通过[39m[49m
2020-03-09 21:19:49,334-INFO-test_withdraw.py-zzq-日志信息：用例：登录成功，执行[30m[42m通过[39m[49m
2020-03-09 21:19:49,428-INFO-test_withdraw.py-zzq-日志信息：用例：会员id为空，执行[30m[42m通过[39m[49m
2020-03-09 21:19:49,524-INFO-test_withdraw.py-zzq-日志信息：用例：会员id不存在，执行[30m[42m通过[39m[49m
2020-03-09 21:19:49,626-ERROR-test_withdraw.py-zzq-日志信息：用例：会员id为字符串，执行[30m[41m未通过[39m[49m
2020-03-09 21:19:49,718-INFO-test_withdraw.py-zzq-日志信息：用例：会员id为小数，执行[30m[42m通过[39m[49m
2020-03-09 21:19:49,815-ERROR-test_withdraw.py-zzq-日志信息：用例：提现金额为0，执行[30m[41m未通过[39m[49m
2020-03-09 21:19:49,908-ERROR-test_withdraw.py-zzq-日志信息：用例：提现金额为负数，执行[30m[41m未通过[39m[49m
2020-03-09 21:19:50,004-ERROR-test_withdraw.py-zzq-日志信息：用例：提现金额为空，执行[30m[41m未通过[39m[49m
2020-03-09 21:19:50,120-ERROR-test_withdraw.py-zzq-日志信息：用例：提现金额-3位小数，执行[30m[41m未通过[39m[49m
2020-03-09 21:19:50,216-ERROR-test_withdraw.py-zzq-日志信息：用例：提现金额-大于50万，执行[30m[41m未通过[39m[49m
2020-03-09 21:19:50,309-INFO-test_withdraw.py-zzq-日志信息：用例：提现金额-非数字，执行[30m[42m通过[39m[49m
2020-03-09 21:20:40,725-INFO-test_recharge.py-zzq-日志信息：用例：充值成功-整数，执行[30m[42m通过[39m[49m
2020-03-09 21:20:40,959-INFO-test_recharge.py-zzq-日志信息：用例：充值成功-1位小数，执行[30m[42m通过[39m[49m
2020-03-09 21:20:41,194-INFO-test_recharge.py-zzq-日志信息：用例：充值成功-2位小数，执行[30m[42m通过[39m[49m
2020-03-09 21:20:41,425-INFO-test_recharge.py-zzq-日志信息：用例：充值成功-50万，执行[30m[42m通过[39m[49m
2020-03-09 21:20:41,514-INFO-test_recharge.py-zzq-日志信息：用例：会员id为空，执行[30m[42m通过[39m[49m
2020-03-09 21:20:41,601-INFO-test_recharge.py-zzq-日志信息：用例：id不是当前登录的用户，执行[30m[42m通过[39m[49m
2020-03-09 21:20:41,703-ERROR-test_recharge.py-zzq-日志信息：用例：会员id为字符串，执行[30m[41m未通过[39m[49m
2020-03-09 21:20:41,796-INFO-test_recharge.py-zzq-日志信息：用例：会员id为小数，执行[30m[42m通过[39m[49m
2020-03-09 21:20:41,893-ERROR-test_recharge.py-zzq-日志信息：用例：充值金额为0，执行[30m[41m未通过[39m[49m
2020-03-09 21:20:41,988-ERROR-test_recharge.py-zzq-日志信息：用例：充值金额为负数，执行[30m[41m未通过[39m[49m
2020-03-09 21:20:42,082-ERROR-test_recharge.py-zzq-日志信息：用例：充值金额为空，执行[30m[41m未通过[39m[49m
2020-03-09 21:20:42,170-ERROR-test_recharge.py-zzq-日志信息：用例：充值金额-3位小数，执行[30m[41m未通过[39m[49m
2020-03-09 21:20:42,265-ERROR-test_recharge.py-zzq-日志信息：用例：充值金额-大于50万，执行[30m[41m未通过[39m[49m
2020-03-09 21:20:42,353-INFO-test_recharge.py-zzq-日志信息：用例：充值金额-非数字，执行[30m[42m通过[39m[49m
2020-03-09 21:20:42,501-ERROR-test_register.py-zzq-日志信息：用例：登录成功，执行[30m[41m未通过[39m[49m
2020-03-09 21:20:42,593-ERROR-test_register.py-zzq-日志信息：用例：手机号为空，执行[30m[41m未通过[39m[49m
2020-03-09 21:20:42,687-ERROR-test_register.py-zzq-日志信息：用例：密码为空，执行[30m[41m未通过[39m[49m
2020-03-09 21:20:42,802-INFO-test_register.py-zzq-日志信息：用例：手机号未注册，执行[30m[42m通过[39m[49m
2020-03-09 21:20:42,924-INFO-test_register.py-zzq-日志信息：用例：密码错误，执行[30m[42m通过[39m[49m
2020-03-09 21:20:43,018-INFO-test_register.py-zzq-日志信息：用例：手机号格式错误，执行[30m[42m通过[39m[49m
2020-03-09 21:20:43,233-INFO-test_register.py-zzq-日志信息：用例：注册成功-带注册名，执行[30m[42m通过[39m[49m
2020-03-09 21:20:43,447-INFO-test_register.py-zzq-日志信息：用例：成功-不带用户名，执行[30m[42m通过[39m[49m
2020-03-09 21:20:43,537-INFO-test_register.py-zzq-日志信息：用例：不输入手机号，执行[30m[42m通过[39m[49m
2020-03-09 21:20:43,628-INFO-test_register.py-zzq-日志信息：用例：手机号长度10位，执行[30m[42m通过[39m[49m
2020-03-09 21:20:43,716-INFO-test_register.py-zzq-日志信息：用例：手机号长度12位，执行[30m[42m通过[39m[49m
2020-03-09 21:20:43,808-INFO-test_register.py-zzq-日志信息：用例：手机号含有非法字符，执行[30m[42m通过[39m[49m
2020-03-09 21:20:43,920-INFO-test_register.py-zzq-日志信息：用例：已注册过的手机号，执行[30m[42m通过[39m[49m
2020-03-09 21:20:44,014-INFO-test_register.py-zzq-日志信息：用例：密码7位，执行[30m[42m通过[39m[49m
2020-03-09 21:20:44,106-INFO-test_register.py-zzq-日志信息：用例：密码17位，执行[30m[42m通过[39m[49m
2020-03-09 21:20:44,195-INFO-test_register.py-zzq-日志信息：用例：不输入密码，执行[30m[42m通过[39m[49m
2020-03-09 21:20:44,287-INFO-test_register.py-zzq-日志信息：用例：注册名11位，执行[30m[42m通过[39m[49m
2020-03-09 21:20:44,378-INFO-test_register.py-zzq-日志信息：用例：类型输入非0，1内容，执行[30m[42m通过[39m[49m
2020-03-09 21:20:44,568-INFO-test_register.py-zzq-日志信息：用例：不输入类型，执行[30m[42m通过[39m[49m
2020-03-09 21:20:44,705-INFO-test_withdraw.py-zzq-日志信息：用例：登录成功，执行[30m[42m通过[39m[49m
2020-03-09 21:20:44,798-INFO-test_withdraw.py-zzq-日志信息：用例：会员id为空，执行[30m[42m通过[39m[49m
2020-03-09 21:20:44,891-INFO-test_withdraw.py-zzq-日志信息：用例：会员id不存在，执行[30m[42m通过[39m[49m
2020-03-09 21:20:44,998-ERROR-test_withdraw.py-zzq-日志信息：用例：会员id为字符串，执行[30m[41m未通过[39m[49m
2020-03-09 21:20:45,088-INFO-test_withdraw.py-zzq-日志信息：用例：会员id为小数，执行[30m[42m通过[39m[49m
2020-03-09 21:20:45,186-ERROR-test_withdraw.py-zzq-日志信息：用例：提现金额为0，执行[30m[41m未通过[39m[49m
2020-03-09 21:20:45,279-ERROR-test_withdraw.py-zzq-日志信息：用例：提现金额为负数，执行[30m[41m未通过[39m[49m
2020-03-09 21:20:45,387-ERROR-test_withdraw.py-zzq-日志信息：用例：提现金额为空，执行[30m[41m未通过[39m[49m
2020-03-09 21:20:45,475-ERROR-test_withdraw.py-zzq-日志信息：用例：提现金额-3位小数，执行[30m[41m未通过[39m[49m
2020-03-09 21:20:45,571-ERROR-test_withdraw.py-zzq-日志信息：用例：提现金额-大于50万，执行[30m[41m未通过[39m[49m
2020-03-09 21:20:45,662-INFO-test_withdraw.py-zzq-日志信息：用例：提现金额-非数字，执行[30m[42m通过[39m[49m
2020-03-09 21:22:42,158-INFO-test_recharge.py-zzq-日志信息：用例：充值成功-整数，执行[30m[42m通过[39m[49m
2020-03-09 21:22:42,392-INFO-test_recharge.py-zzq-日志信息：用例：充值成功-1位小数，执行[30m[42m通过[39m[49m
2020-03-09 21:22:42,637-INFO-test_recharge.py-zzq-日志信息：用例：充值成功-2位小数，执行[30m[42m通过[39m[49m
2020-03-09 21:22:42,884-INFO-test_recharge.py-zzq-日志信息：用例：充值成功-50万，执行[30m[42m通过[39m[49m
2020-03-09 21:22:42,980-INFO-test_recharge.py-zzq-日志信息：用例：会员id为空，执行[30m[42m通过[39m[49m
2020-03-09 21:22:43,077-INFO-test_recharge.py-zzq-日志信息：用例：id不是当前登录的用户，执行[30m[42m通过[39m[49m
2020-03-09 21:22:43,199-ERROR-test_recharge.py-zzq-日志信息：用例：会员id为字符串，执行[30m[41m未通过[39m[49m
2020-03-09 21:22:43,302-INFO-test_recharge.py-zzq-日志信息：用例：会员id为小数，执行[30m[42m通过[39m[49m
2020-03-09 21:22:43,413-ERROR-test_recharge.py-zzq-日志信息：用例：充值金额为0，执行[30m[41m未通过[39m[49m
2020-03-09 21:22:43,509-ERROR-test_recharge.py-zzq-日志信息：用例：充值金额为负数，执行[30m[41m未通过[39m[49m
2020-03-09 21:22:43,684-ERROR-test_recharge.py-zzq-日志信息：用例：充值金额为空，执行[30m[41m未通过[39m[49m
2020-03-09 21:22:43,874-ERROR-test_recharge.py-zzq-日志信息：用例：充值金额-3位小数，执行[30m[41m未通过[39m[49m
2020-03-09 21:22:43,998-ERROR-test_recharge.py-zzq-日志信息：用例：充值金额-大于50万，执行[30m[41m未通过[39m[49m
2020-03-09 21:22:44,141-INFO-test_recharge.py-zzq-日志信息：用例：充值金额-非数字，执行[30m[42m通过[39m[49m
2020-03-09 21:22:44,302-ERROR-test_register.py-zzq-日志信息：用例：登录成功，执行[30m[41m未通过[39m[49m
2020-03-09 21:22:44,446-ERROR-test_register.py-zzq-日志信息：用例：手机号为空，执行[30m[41m未通过[39m[49m
2020-03-09 21:22:44,547-ERROR-test_register.py-zzq-日志信息：用例：密码为空，执行[30m[41m未通过[39m[49m
2020-03-09 21:22:44,659-INFO-test_register.py-zzq-日志信息：用例：手机号未注册，执行[30m[42m通过[39m[49m
2020-03-09 21:22:44,774-INFO-test_register.py-zzq-日志信息：用例：密码错误，执行[30m[42m通过[39m[49m
2020-03-09 21:22:44,871-INFO-test_register.py-zzq-日志信息：用例：手机号格式错误，执行[30m[42m通过[39m[49m
2020-03-09 21:22:45,092-INFO-test_register.py-zzq-日志信息：用例：注册成功-带注册名，执行[30m[42m通过[39m[49m
2020-03-09 21:22:45,314-INFO-test_register.py-zzq-日志信息：用例：成功-不带用户名，执行[30m[42m通过[39m[49m
2020-03-09 21:22:45,405-INFO-test_register.py-zzq-日志信息：用例：不输入手机号，执行[30m[42m通过[39m[49m
2020-03-09 21:22:45,499-INFO-test_register.py-zzq-日志信息：用例：手机号长度10位，执行[30m[42m通过[39m[49m
2020-03-09 21:22:45,593-INFO-test_register.py-zzq-日志信息：用例：手机号长度12位，执行[30m[42m通过[39m[49m
2020-03-09 21:22:45,682-INFO-test_register.py-zzq-日志信息：用例：手机号含有非法字符，执行[30m[42m通过[39m[49m
2020-03-09 21:22:45,794-INFO-test_register.py-zzq-日志信息：用例：已注册过的手机号，执行[30m[42m通过[39m[49m
2020-03-09 21:22:45,886-INFO-test_register.py-zzq-日志信息：用例：密码7位，执行[30m[42m通过[39m[49m
2020-03-09 21:22:45,979-INFO-test_register.py-zzq-日志信息：用例：密码17位，执行[30m[42m通过[39m[49m
2020-03-09 21:22:46,073-INFO-test_register.py-zzq-日志信息：用例：不输入密码，执行[30m[42m通过[39m[49m
2020-03-09 21:22:46,164-INFO-test_register.py-zzq-日志信息：用例：注册名11位，执行[30m[42m通过[39m[49m
2020-03-09 21:22:46,253-INFO-test_register.py-zzq-日志信息：用例：类型输入非0，1内容，执行[30m[42m通过[39m[49m
2020-03-09 21:22:46,448-INFO-test_register.py-zzq-日志信息：用例：不输入类型，执行[30m[42m通过[39m[49m
2020-03-09 21:22:46,611-INFO-test_withdraw.py-zzq-日志信息：用例：登录成功，执行[30m[42m通过[39m[49m
2020-03-09 21:22:47,190-INFO-test_withdraw.py-zzq-日志信息：用例：会员id为空，执行[30m[42m通过[39m[49m
2020-03-09 21:22:47,294-INFO-test_withdraw.py-zzq-日志信息：用例：会员id不存在，执行[30m[42m通过[39m[49m
2020-03-09 21:22:47,414-ERROR-test_withdraw.py-zzq-日志信息：用例：会员id为字符串，执行[30m[41m未通过[39m[49m
2020-03-09 21:22:47,517-INFO-test_withdraw.py-zzq-日志信息：用例：会员id为小数，执行[30m[42m通过[39m[49m
2020-03-09 21:22:47,660-ERROR-test_withdraw.py-zzq-日志信息：用例：提现金额为0，执行[30m[41m未通过[39m[49m
2020-03-09 21:22:47,767-ERROR-test_withdraw.py-zzq-日志信息：用例：提现金额为负数，执行[30m[41m未通过[39m[49m
2020-03-09 21:22:47,906-ERROR-test_withdraw.py-zzq-日志信息：用例：提现金额为空，执行[30m[41m未通过[39m[49m
2020-03-09 21:22:48,010-ERROR-test_withdraw.py-zzq-日志信息：用例：提现金额-3位小数，执行[30m[41m未通过[39m[49m
2020-03-09 21:22:48,159-ERROR-test_withdraw.py-zzq-日志信息：用例：提现金额-大于50万，执行[30m[41m未通过[39m[49m
2020-03-09 21:22:48,253-INFO-test_withdraw.py-zzq-日志信息：用例：提现金额-非数字，执行[30m[42m通过[39m[49m
2020-03-09 21:23:24,697-INFO-test_recharge.py-zzq-日志信息：用例：充值成功-整数，执行[30m[42m通过[39m[49m
2020-03-09 21:23:24,937-INFO-test_recharge.py-zzq-日志信息：用例：充值成功-1位小数，执行[30m[42m通过[39m[49m
2020-03-09 21:23:25,186-INFO-test_recharge.py-zzq-日志信息：用例：充值成功-2位小数，执行[30m[42m通过[39m[49m
2020-03-09 21:23:25,441-INFO-test_recharge.py-zzq-日志信息：用例：充值成功-50万，执行[30m[42m通过[39m[49m
2020-03-09 21:23:25,535-INFO-test_recharge.py-zzq-日志信息：用例：会员id为空，执行[30m[42m通过[39m[49m
2020-03-09 21:23:25,633-INFO-test_recharge.py-zzq-日志信息：用例：id不是当前登录的用户，执行[30m[42m通过[39m[49m
2020-03-09 21:23:25,741-ERROR-test_recharge.py-zzq-日志信息：用例：会员id为字符串，执行[30m[41m未通过[39m[49m
2020-03-09 21:23:25,834-INFO-test_recharge.py-zzq-日志信息：用例：会员id为小数，执行[30m[42m通过[39m[49m
2020-03-09 21:23:25,934-ERROR-test_recharge.py-zzq-日志信息：用例：充值金额为0，执行[30m[41m未通过[39m[49m
2020-03-09 21:23:26,033-ERROR-test_recharge.py-zzq-日志信息：用例：充值金额为负数，执行[30m[41m未通过[39m[49m
2020-03-09 21:23:26,126-ERROR-test_recharge.py-zzq-日志信息：用例：充值金额为空，执行[30m[41m未通过[39m[49m
2020-03-09 21:23:26,221-ERROR-test_recharge.py-zzq-日志信息：用例：充值金额-3位小数，执行[30m[41m未通过[39m[49m
2020-03-09 21:23:26,319-ERROR-test_recharge.py-zzq-日志信息：用例：充值金额-大于50万，执行[30m[41m未通过[39m[49m
2020-03-09 21:23:26,414-INFO-test_recharge.py-zzq-日志信息：用例：充值金额-非数字，执行[30m[42m通过[39m[49m
2020-03-09 21:23:26,554-ERROR-test_register.py-zzq-日志信息：用例：登录成功，执行[30m[41m未通过[39m[49m
2020-03-09 21:23:26,649-ERROR-test_register.py-zzq-日志信息：用例：手机号为空，执行[30m[41m未通过[39m[49m
2020-03-09 21:23:26,742-ERROR-test_register.py-zzq-日志信息：用例：密码为空，执行[30m[41m未通过[39m[49m
2020-03-09 21:23:26,862-INFO-test_register.py-zzq-日志信息：用例：手机号未注册，执行[30m[42m通过[39m[49m
2020-03-09 21:23:26,991-INFO-test_register.py-zzq-日志信息：用例：密码错误，执行[30m[42m通过[39m[49m
2020-03-09 21:23:27,082-INFO-test_register.py-zzq-日志信息：用例：手机号格式错误，执行[30m[42m通过[39m[49m
2020-03-09 21:23:27,310-INFO-test_register.py-zzq-日志信息：用例：注册成功-带注册名，执行[30m[42m通过[39m[49m
2020-03-09 21:23:27,529-INFO-test_register.py-zzq-日志信息：用例：成功-不带用户名，执行[30m[42m通过[39m[49m
2020-03-09 21:23:27,619-INFO-test_register.py-zzq-日志信息：用例：不输入手机号，执行[30m[42m通过[39m[49m
2020-03-09 21:23:27,708-INFO-test_register.py-zzq-日志信息：用例：手机号长度10位，执行[30m[42m通过[39m[49m
2020-03-09 21:23:27,808-INFO-test_register.py-zzq-日志信息：用例：手机号长度12位，执行[30m[42m通过[39m[49m
2020-03-09 21:23:27,898-INFO-test_register.py-zzq-日志信息：用例：手机号含有非法字符，执行[30m[42m通过[39m[49m
2020-03-09 21:23:28,009-INFO-test_register.py-zzq-日志信息：用例：已注册过的手机号，执行[30m[42m通过[39m[49m
2020-03-09 21:23:28,101-INFO-test_register.py-zzq-日志信息：用例：密码7位，执行[30m[42m通过[39m[49m
2020-03-09 21:23:28,195-INFO-test_register.py-zzq-日志信息：用例：密码17位，执行[30m[42m通过[39m[49m
2020-03-09 21:23:28,292-INFO-test_register.py-zzq-日志信息：用例：不输入密码，执行[30m[42m通过[39m[49m
2020-03-09 21:23:28,390-INFO-test_register.py-zzq-日志信息：用例：注册名11位，执行[30m[42m通过[39m[49m
2020-03-09 21:23:28,486-INFO-test_register.py-zzq-日志信息：用例：类型输入非0，1内容，执行[30m[42m通过[39m[49m
2020-03-09 21:23:28,694-INFO-test_register.py-zzq-日志信息：用例：不输入类型，执行[30m[42m通过[39m[49m
2020-03-09 21:23:28,851-INFO-test_withdraw.py-zzq-日志信息：用例：登录成功，执行[30m[42m通过[39m[49m
2020-03-09 21:23:29,683-INFO-test_withdraw.py-zzq-日志信息：用例：会员id为空，执行[30m[42m通过[39m[49m
2020-03-09 21:23:29,774-INFO-test_withdraw.py-zzq-日志信息：用例：会员id不存在，执行[30m[42m通过[39m[49m
2020-03-09 21:23:29,875-ERROR-test_withdraw.py-zzq-日志信息：用例：会员id为字符串，执行[30m[41m未通过[39m[49m
2020-03-09 21:23:29,973-INFO-test_withdraw.py-zzq-日志信息：用例：会员id为小数，执行[30m[42m通过[39m[49m
2020-03-09 21:23:30,070-ERROR-test_withdraw.py-zzq-日志信息：用例：提现金额为0，执行[30m[41m未通过[39m[49m
2020-03-09 21:23:30,162-ERROR-test_withdraw.py-zzq-日志信息：用例：提现金额为负数，执行[30m[41m未通过[39m[49m
2020-03-09 21:23:30,277-ERROR-test_withdraw.py-zzq-日志信息：用例：提现金额为空，执行[30m[41m未通过[39m[49m
2020-03-09 21:23:30,368-ERROR-test_withdraw.py-zzq-日志信息：用例：提现金额-3位小数，执行[30m[41m未通过[39m[49m
2020-03-09 21:23:30,460-ERROR-test_withdraw.py-zzq-日志信息：用例：提现金额-大于50万，执行[30m[41m未通过[39m[49m
2020-03-09 21:23:30,553-INFO-test_withdraw.py-zzq-日志信息：用例：提现金额-非数字，执行[30m[42m通过[39m[49m
2020-03-09 21:26:21,261-INFO-test_recharge.py-zzq-日志信息：用例：充值成功-整数，执行[30m[42m通过[39m[49m
2020-03-09 21:26:21,497-INFO-test_recharge.py-zzq-日志信息：用例：充值成功-1位小数，执行[30m[42m通过[39m[49m
2020-03-09 21:26:21,740-INFO-test_recharge.py-zzq-日志信息：用例：充值成功-2位小数，执行[30m[42m通过[39m[49m
2020-03-09 21:26:21,985-INFO-test_recharge.py-zzq-日志信息：用例：充值成功-50万，执行[30m[42m通过[39m[49m
2020-03-09 21:26:22,076-INFO-test_recharge.py-zzq-日志信息：用例：会员id为空，执行[30m[42m通过[39m[49m
2020-03-09 21:26:22,165-INFO-test_recharge.py-zzq-日志信息：用例：id不是当前登录的用户，执行[30m[42m通过[39m[49m
2020-03-09 21:26:22,273-ERROR-test_recharge.py-zzq-日志信息：用例：会员id为字符串，执行[30m[41m未通过[39m[49m
2020-03-09 21:26:22,365-INFO-test_recharge.py-zzq-日志信息：用例：会员id为小数，执行[30m[42m通过[39m[49m
2020-03-09 21:26:22,461-ERROR-test_recharge.py-zzq-日志信息：用例：充值金额为0，执行[30m[41m未通过[39m[49m
2020-03-09 21:26:22,560-ERROR-test_recharge.py-zzq-日志信息：用例：充值金额为负数，执行[30m[41m未通过[39m[49m
2020-03-09 21:26:22,652-ERROR-test_recharge.py-zzq-日志信息：用例：充值金额为空，执行[30m[41m未通过[39m[49m
2020-03-09 21:26:22,743-ERROR-test_recharge.py-zzq-日志信息：用例：充值金额-3位小数，执行[30m[41m未通过[39m[49m
2020-03-09 21:26:22,841-ERROR-test_recharge.py-zzq-日志信息：用例：充值金额-大于50万，执行[30m[41m未通过[39m[49m
2020-03-09 21:26:22,938-INFO-test_recharge.py-zzq-日志信息：用例：充值金额-非数字，执行[30m[42m通过[39m[49m
2020-03-09 21:26:23,078-ERROR-test_register.py-zzq-日志信息：用例：登录成功，执行[30m[41m未通过[39m[49m
2020-03-09 21:26:23,169-ERROR-test_register.py-zzq-日志信息：用例：手机号为空，执行[30m[41m未通过[39m[49m
2020-03-09 21:26:23,257-ERROR-test_register.py-zzq-日志信息：用例：密码为空，执行[30m[41m未通过[39m[49m
2020-03-09 21:26:23,372-INFO-test_register.py-zzq-日志信息：用例：手机号未注册，执行[30m[42m通过[39m[49m
2020-03-09 21:26:23,488-INFO-test_register.py-zzq-日志信息：用例：密码错误，执行[30m[42m通过[39m[49m
2020-03-09 21:26:23,581-INFO-test_register.py-zzq-日志信息：用例：手机号格式错误，执行[30m[42m通过[39m[49m
2020-03-09 21:26:23,799-INFO-test_register.py-zzq-日志信息：用例：注册成功-带注册名，执行[30m[42m通过[39m[49m
2020-03-09 21:26:24,016-INFO-test_register.py-zzq-日志信息：用例：成功-不带用户名，执行[30m[42m通过[39m[49m
2020-03-09 21:26:24,107-INFO-test_register.py-zzq-日志信息：用例：不输入手机号，执行[30m[42m通过[39m[49m
2020-03-09 21:26:24,199-INFO-test_register.py-zzq-日志信息：用例：手机号长度10位，执行[30m[42m通过[39m[49m
2020-03-09 21:26:24,299-INFO-test_register.py-zzq-日志信息：用例：手机号长度12位，执行[30m[42m通过[39m[49m
2020-03-09 21:26:24,390-INFO-test_register.py-zzq-日志信息：用例：手机号含有非法字符，执行[30m[42m通过[39m[49m
2020-03-09 21:26:24,500-INFO-test_register.py-zzq-日志信息：用例：已注册过的手机号，执行[30m[42m通过[39m[49m
2020-03-09 21:26:24,592-INFO-test_register.py-zzq-日志信息：用例：密码7位，执行[30m[42m通过[39m[49m
2020-03-09 21:26:24,684-INFO-test_register.py-zzq-日志信息：用例：密码17位，执行[30m[42m通过[39m[49m
2020-03-09 21:26:24,779-INFO-test_register.py-zzq-日志信息：用例：不输入密码，执行[30m[42m通过[39m[49m
2020-03-09 21:26:24,871-INFO-test_register.py-zzq-日志信息：用例：注册名11位，执行[30m[42m通过[39m[49m
2020-03-09 21:26:24,963-INFO-test_register.py-zzq-日志信息：用例：类型输入非0，1内容，执行[30m[42m通过[39m[49m
2020-03-09 21:26:25,152-INFO-test_register.py-zzq-日志信息：用例：不输入类型，执行[30m[42m通过[39m[49m
2020-03-09 21:26:25,300-INFO-test_withdraw.py-zzq-日志信息：用例：登录成功，执行[30m[42m通过[39m[49m
2020-03-09 21:26:25,532-INFO-test_withdraw.py-zzq-日志信息：用例：提现成功-整数，执行[30m[42m通过[39m[49m
2020-03-09 21:26:25,768-INFO-test_withdraw.py-zzq-日志信息：用例：提现成功-1位小数，执行[30m[42m通过[39m[49m
2020-03-09 21:26:26,003-INFO-test_withdraw.py-zzq-日志信息：用例：提现成功-2位小数，执行[30m[42m通过[39m[49m
2020-03-09 21:26:26,234-INFO-test_withdraw.py-zzq-日志信息：用例：提现成功-50万，执行[30m[42m通过[39m[49m
2020-03-09 21:26:26,326-INFO-test_withdraw.py-zzq-日志信息：用例：会员id为空，执行[30m[42m通过[39m[49m
2020-03-09 21:26:26,420-INFO-test_withdraw.py-zzq-日志信息：用例：会员id不存在，执行[30m[42m通过[39m[49m
2020-03-09 21:26:26,544-ERROR-test_withdraw.py-zzq-日志信息：用例：会员id为字符串，执行[30m[41m未通过[39m[49m
2020-03-09 21:26:26,634-INFO-test_withdraw.py-zzq-日志信息：用例：会员id为小数，执行[30m[42m通过[39m[49m
2020-03-09 21:26:26,731-ERROR-test_withdraw.py-zzq-日志信息：用例：提现金额为0，执行[30m[41m未通过[39m[49m
2020-03-09 21:26:26,829-ERROR-test_withdraw.py-zzq-日志信息：用例：提现金额为负数，执行[30m[41m未通过[39m[49m
2020-03-09 21:26:26,921-ERROR-test_withdraw.py-zzq-日志信息：用例：提现金额为空，执行[30m[41m未通过[39m[49m
2020-03-09 21:26:27,015-ERROR-test_withdraw.py-zzq-日志信息：用例：提现金额-3位小数，执行[30m[41m未通过[39m[49m
2020-03-09 21:26:27,113-ERROR-test_withdraw.py-zzq-日志信息：用例：提现金额-大于50万，执行[30m[41m未通过[39m[49m
2020-03-09 21:26:27,207-INFO-test_withdraw.py-zzq-日志信息：用例：提现金额-非数字，执行[30m[42m通过[39m[49m
2020-03-10 17:16:36,357-INFO-test_recharge.py-zzq-日志信息：用例：会员id为空，执行[30m[42m通过[39m[49m
2020-03-10 17:16:36,454-INFO-test_recharge.py-zzq-日志信息：用例：id不是当前登录的用户，执行[30m[42m通过[39m[49m
2020-03-10 17:16:36,612-ERROR-test_register.py-zzq-日志信息：用例：登录成功，执行[30m[41m未通过[39m[49m
2020-03-10 17:16:36,731-ERROR-test_register.py-zzq-日志信息：用例：手机号为空，执行[30m[41m未通过[39m[49m
2020-03-10 17:16:36,830-ERROR-test_register.py-zzq-日志信息：用例：密码为空，执行[30m[41m未通过[39m[49m
2020-03-10 17:16:36,948-INFO-test_register.py-zzq-日志信息：用例：手机号未注册，执行[30m[42m通过[39m[49m
2020-03-10 17:16:37,065-INFO-test_register.py-zzq-日志信息：用例：密码错误，执行[30m[42m通过[39m[49m
2020-03-10 17:16:37,162-INFO-test_register.py-zzq-日志信息：用例：手机号格式错误，执行[30m[42m通过[39m[49m
2020-03-10 17:16:37,390-INFO-test_register.py-zzq-日志信息：用例：注册成功-带注册名，执行[30m[42m通过[39m[49m
2020-03-10 17:16:37,593-INFO-test_register.py-zzq-日志信息：用例：成功-不带用户名，执行[30m[42m通过[39m[49m
2020-03-10 17:16:37,696-INFO-test_register.py-zzq-日志信息：用例：不输入手机号，执行[30m[42m通过[39m[49m
2020-03-10 17:16:37,790-INFO-test_register.py-zzq-日志信息：用例：手机号长度10位，执行[30m[42m通过[39m[49m
2020-03-10 17:16:37,898-INFO-test_register.py-zzq-日志信息：用例：手机号长度12位，执行[30m[42m通过[39m[49m
2020-03-10 17:16:37,996-INFO-test_register.py-zzq-日志信息：用例：手机号含有非法字符，执行[30m[42m通过[39m[49m
2020-03-10 17:16:38,115-INFO-test_register.py-zzq-日志信息：用例：已注册过的手机号，执行[30m[42m通过[39m[49m
2020-03-10 17:16:38,211-INFO-test_register.py-zzq-日志信息：用例：密码7位，执行[30m[42m通过[39m[49m
2020-03-10 17:16:38,309-INFO-test_register.py-zzq-日志信息：用例：密码17位，执行[30m[42m通过[39m[49m
2020-03-10 17:16:38,410-INFO-test_register.py-zzq-日志信息：用例：不输入密码，执行[30m[42m通过[39m[49m
2020-03-10 17:16:38,506-INFO-test_register.py-zzq-日志信息：用例：注册名11位，执行[30m[42m通过[39m[49m
2020-03-10 17:16:38,604-INFO-test_register.py-zzq-日志信息：用例：类型输入非0，1内容，执行[30m[42m通过[39m[49m
2020-03-10 17:16:38,807-INFO-test_register.py-zzq-日志信息：用例：不输入类型，执行[30m[42m通过[39m[49m
2020-03-10 17:16:38,961-INFO-test_withdraw.py-zzq-日志信息：用例：登录成功，执行[30m[42m通过[39m[49m
2020-03-10 17:16:39,229-INFO-test_withdraw.py-zzq-日志信息：用例：提现成功-整数，执行[30m[42m通过[39m[49m
2020-03-10 17:16:39,474-INFO-test_withdraw.py-zzq-日志信息：用例：提现成功-1位小数，执行[30m[42m通过[39m[49m
2020-03-10 17:16:39,724-INFO-test_withdraw.py-zzq-日志信息：用例：提现成功-2位小数，执行[30m[42m通过[39m[49m
2020-03-10 17:16:39,966-INFO-test_withdraw.py-zzq-日志信息：用例：提现成功-50万，执行[30m[42m通过[39m[49m
2020-03-10 17:16:40,065-INFO-test_withdraw.py-zzq-日志信息：用例：会员id为空，执行[30m[42m通过[39m[49m
2020-03-10 17:16:40,164-INFO-test_withdraw.py-zzq-日志信息：用例：会员id不存在，执行[30m[42m通过[39m[49m
2020-03-10 17:16:40,280-ERROR-test_withdraw.py-zzq-日志信息：用例：会员id为字符串，执行[30m[41m未通过[39m[49m
2020-03-10 17:16:40,394-INFO-test_withdraw.py-zzq-日志信息：用例：会员id为小数，执行[30m[42m通过[39m[49m
2020-03-10 17:16:40,499-ERROR-test_withdraw.py-zzq-日志信息：用例：提现金额为0，执行[30m[41m未通过[39m[49m
2020-03-10 17:16:40,597-ERROR-test_withdraw.py-zzq-日志信息：用例：提现金额为负数，执行[30m[41m未通过[39m[49m
2020-03-10 17:16:40,697-ERROR-test_withdraw.py-zzq-日志信息：用例：提现金额为空，执行[30m[41m未通过[39m[49m
2020-03-10 17:16:40,794-ERROR-test_withdraw.py-zzq-日志信息：用例：提现金额-3位小数，执行[30m[41m未通过[39m[49m
2020-03-10 17:16:40,895-ERROR-test_withdraw.py-zzq-日志信息：用例：提现金额-大于50万，执行[30m[41m未通过[39m[49m
2020-03-10 17:16:40,998-INFO-test_withdraw.py-zzq-日志信息：用例：提现金额-非数字，执行[30m[42m通过[39m[49m
2020-03-10 17:19:52,699-INFO-test_recharge.py-zzq-日志信息：用例：充值成功-整数，执行[30m[42m通过[39m[49m
2020-03-10 17:19:52,950-INFO-test_recharge.py-zzq-日志信息：用例：充值成功-1位小数，执行[30m[42m通过[39m[49m
2020-03-10 17:19:53,215-INFO-test_recharge.py-zzq-日志信息：用例：充值成功-2位小数，执行[30m[42m通过[39m[49m
2020-03-10 17:19:53,469-INFO-test_recharge.py-zzq-日志信息：用例：充值成功-50万，执行[30m[42m通过[39m[49m
2020-03-10 17:19:53,557-INFO-test_recharge.py-zzq-日志信息：用例：会员id为空，执行[30m[42m通过[39m[49m
2020-03-10 17:19:53,647-INFO-test_recharge.py-zzq-日志信息：用例：id不是当前登录的用户，执行[30m[42m通过[39m[49m
2020-03-10 17:19:53,774-ERROR-test_recharge.py-zzq-日志信息：用例：会员id为字符串，执行[30m[41m未通过[39m[49m
2020-03-10 17:19:53,880-INFO-test_recharge.py-zzq-日志信息：用例：会员id为小数，执行[30m[42m通过[39m[49m
2020-03-10 17:19:53,996-ERROR-test_recharge.py-zzq-日志信息：用例：充值金额为0，执行[30m[41m未通过[39m[49m
2020-03-10 17:19:54,101-ERROR-test_recharge.py-zzq-日志信息：用例：充值金额为负数，执行[30m[41m未通过[39m[49m
2020-03-10 17:19:54,201-ERROR-test_recharge.py-zzq-日志信息：用例：充值金额为空，执行[30m[41m未通过[39m[49m
2020-03-10 17:19:54,320-ERROR-test_recharge.py-zzq-日志信息：用例：充值金额-3位小数，执行[30m[41m未通过[39m[49m
2020-03-10 17:19:54,434-ERROR-test_recharge.py-zzq-日志信息：用例：充值金额-大于50万，执行[30m[41m未通过[39m[49m
2020-03-10 17:19:54,532-INFO-test_recharge.py-zzq-日志信息：用例：充值金额-非数字，执行[30m[42m通过[39m[49m
2020-03-10 17:19:54,680-ERROR-test_register.py-zzq-日志信息：用例：登录成功，执行[30m[41m未通过[39m[49m
2020-03-10 17:19:54,777-ERROR-test_register.py-zzq-日志信息：用例：手机号为空，执行[30m[41m未通过[39m[49m
2020-03-10 17:19:54,875-ERROR-test_register.py-zzq-日志信息：用例：密码为空，执行[30m[41m未通过[39m[49m
2020-03-10 17:19:54,997-INFO-test_register.py-zzq-日志信息：用例：手机号未注册，执行[30m[42m通过[39m[49m
2020-03-10 17:19:55,114-INFO-test_register.py-zzq-日志信息：用例：密码错误，执行[30m[42m通过[39m[49m
2020-03-10 17:19:55,222-INFO-test_register.py-zzq-日志信息：用例：手机号格式错误，执行[30m[42m通过[39m[49m
2020-03-10 17:19:55,460-INFO-test_register.py-zzq-日志信息：用例：注册成功-带注册名，执行[30m[42m通过[39m[49m
2020-03-10 17:19:55,688-INFO-test_register.py-zzq-日志信息：用例：成功-不带用户名，执行[30m[42m通过[39m[49m
2020-03-10 17:19:55,787-INFO-test_register.py-zzq-日志信息：用例：不输入手机号，执行[30m[42m通过[39m[49m
2020-03-10 17:19:55,882-INFO-test_register.py-zzq-日志信息：用例：手机号长度10位，执行[30m[42m通过[39m[49m
2020-03-10 17:19:55,984-INFO-test_register.py-zzq-日志信息：用例：手机号长度12位，执行[30m[42m通过[39m[49m
2020-03-10 17:19:56,080-INFO-test_register.py-zzq-日志信息：用例：手机号含有非法字符，执行[30m[42m通过[39m[49m
2020-03-10 17:19:56,200-INFO-test_register.py-zzq-日志信息：用例：已注册过的手机号，执行[30m[42m通过[39m[49m
2020-03-10 17:19:56,300-INFO-test_register.py-zzq-日志信息：用例：密码7位，执行[30m[42m通过[39m[49m
2020-03-10 17:19:56,409-INFO-test_register.py-zzq-日志信息：用例：密码17位，执行[30m[42m通过[39m[49m
2020-03-10 17:19:56,514-INFO-test_register.py-zzq-日志信息：用例：不输入密码，执行[30m[42m通过[39m[49m
2020-03-10 17:19:56,610-INFO-test_register.py-zzq-日志信息：用例：注册名11位，执行[30m[42m通过[39m[49m
2020-03-10 17:19:56,712-INFO-test_register.py-zzq-日志信息：用例：类型输入非0，1内容，执行[30m[42m通过[39m[49m
2020-03-10 17:19:56,918-INFO-test_register.py-zzq-日志信息：用例：不输入类型，执行[30m[42m通过[39m[49m
2020-03-10 17:19:57,066-INFO-test_withdraw.py-zzq-日志信息：用例：登录成功，执行[30m[42m通过[39m[49m
2020-03-10 17:19:57,310-INFO-test_withdraw.py-zzq-日志信息：用例：提现成功-整数，执行[30m[42m通过[39m[49m
2020-03-10 17:19:57,554-INFO-test_withdraw.py-zzq-日志信息：用例：提现成功-1位小数，执行[30m[42m通过[39m[49m
2020-03-10 17:19:57,798-INFO-test_withdraw.py-zzq-日志信息：用例：提现成功-2位小数，执行[30m[42m通过[39m[49m
2020-03-10 17:19:58,042-INFO-test_withdraw.py-zzq-日志信息：用例：提现成功-50万，执行[30m[42m通过[39m[49m
2020-03-10 17:19:58,140-INFO-test_withdraw.py-zzq-日志信息：用例：会员id为空，执行[30m[42m通过[39m[49m
2020-03-10 17:19:58,238-INFO-test_withdraw.py-zzq-日志信息：用例：会员id不存在，执行[30m[42m通过[39m[49m
2020-03-10 17:19:58,377-ERROR-test_withdraw.py-zzq-日志信息：用例：会员id为字符串，执行[30m[41m未通过[39m[49m
2020-03-10 17:19:58,476-INFO-test_withdraw.py-zzq-日志信息：用例：会员id为小数，执行[30m[42m通过[39m[49m
2020-03-10 17:19:58,588-ERROR-test_withdraw.py-zzq-日志信息：用例：提现金额为0，执行[30m[41m未通过[39m[49m
2020-03-10 17:19:58,693-ERROR-test_withdraw.py-zzq-日志信息：用例：提现金额为负数，执行[30m[41m未通过[39m[49m
2020-03-10 17:19:58,795-ERROR-test_withdraw.py-zzq-日志信息：用例：提现金额为空，执行[30m[41m未通过[39m[49m
2020-03-10 17:19:58,903-ERROR-test_withdraw.py-zzq-日志信息：用例：提现金额-3位小数，执行[30m[41m未通过[39m[49m
2020-03-10 17:19:59,006-ERROR-test_withdraw.py-zzq-日志信息：用例：提现金额-大于50万，执行[30m[41m未通过[39m[49m
2020-03-10 17:19:59,110-INFO-test_withdraw.py-zzq-日志信息：用例：提现金额-非数字，执行[30m[42m通过[39m[49m
2020-03-10 22:01:48,362-INFO-test_recharge.py-zzq-日志信息：用例：充值成功-整数，执行[30m[42m通过[39m[49m
2020-03-10 22:01:48,658-INFO-test_recharge.py-zzq-日志信息：用例：充值成功-1位小数，执行[30m[42m通过[39m[49m
2020-03-10 22:01:48,944-INFO-test_recharge.py-zzq-日志信息：用例：充值成功-2位小数，执行[30m[42m通过[39m[49m
2020-03-10 22:01:49,229-INFO-test_recharge.py-zzq-日志信息：用例：充值成功-50万，执行[30m[42m通过[39m[49m
2020-03-10 22:01:49,376-INFO-test_recharge.py-zzq-日志信息：用例：会员id为空，执行[30m[42m通过[39m[49m
2020-03-10 22:01:49,526-INFO-test_recharge.py-zzq-日志信息：用例：id不是当前登录的用户，执行[30m[42m通过[39m[49m
2020-03-10 22:01:49,687-ERROR-test_recharge.py-zzq-日志信息：用例：会员id为字符串，执行[30m[41m未通过[39m[49m
2020-03-10 22:01:49,865-INFO-test_recharge.py-zzq-日志信息：用例：会员id为小数，执行[30m[42m通过[39m[49m
2020-03-10 22:01:50,032-ERROR-test_recharge.py-zzq-日志信息：用例：充值金额为0，执行[30m[41m未通过[39m[49m
2020-03-10 22:01:50,201-ERROR-test_recharge.py-zzq-日志信息：用例：充值金额为负数，执行[30m[41m未通过[39m[49m
2020-03-10 22:01:50,347-ERROR-test_recharge.py-zzq-日志信息：用例：充值金额为空，执行[30m[41m未通过[39m[49m
2020-03-10 22:01:50,502-ERROR-test_recharge.py-zzq-日志信息：用例：充值金额-3位小数，执行[30m[41m未通过[39m[49m
2020-03-10 22:01:50,678-ERROR-test_recharge.py-zzq-日志信息：用例：充值金额-大于50万，执行[30m[41m未通过[39m[49m
2020-03-10 22:01:50,827-INFO-test_recharge.py-zzq-日志信息：用例：充值金额-非数字，执行[30m[42m通过[39m[49m
2020-03-10 22:01:51,042-ERROR-test_register.py-zzq-日志信息：用例：登录成功，执行[30m[41m未通过[39m[49m
2020-03-10 22:01:51,192-ERROR-test_register.py-zzq-日志信息：用例：手机号为空，执行[30m[41m未通过[39m[49m
2020-03-10 22:01:51,345-ERROR-test_register.py-zzq-日志信息：用例：密码为空，执行[30m[41m未通过[39m[49m
2020-03-10 22:01:51,501-INFO-test_register.py-zzq-日志信息：用例：手机号未注册，执行[30m[42m通过[39m[49m
2020-03-10 22:01:51,679-INFO-test_register.py-zzq-日志信息：用例：密码错误，执行[30m[42m通过[39m[49m
2020-03-10 22:01:51,821-INFO-test_register.py-zzq-日志信息：用例：手机号格式错误，执行[30m[42m通过[39m[49m
2020-03-10 22:01:52,104-INFO-test_register.py-zzq-日志信息：用例：注册成功-带注册名，执行[30m[42m通过[39m[49m
2020-03-10 22:01:52,354-INFO-test_register.py-zzq-日志信息：用例：成功-不带用户名，执行[30m[42m通过[39m[49m
2020-03-10 22:01:52,497-INFO-test_register.py-zzq-日志信息：用例：不输入手机号，执行[30m[42m通过[39m[49m
2020-03-10 22:01:52,645-INFO-test_register.py-zzq-日志信息：用例：手机号长度10位，执行[30m[42m通过[39m[49m
2020-03-10 22:01:52,793-INFO-test_register.py-zzq-日志信息：用例：手机号长度12位，执行[30m[42m通过[39m[49m
2020-03-10 22:01:52,982-INFO-test_register.py-zzq-日志信息：用例：手机号含有非法字符，执行[30m[42m通过[39m[49m
2020-03-10 22:01:53,166-INFO-test_register.py-zzq-日志信息：用例：已注册过的手机号，执行[30m[42m通过[39m[49m
2020-03-10 22:01:53,326-INFO-test_register.py-zzq-日志信息：用例：密码7位，执行[30m[42m通过[39m[49m
2020-03-10 22:01:53,480-INFO-test_register.py-zzq-日志信息：用例：密码17位，执行[30m[42m通过[39m[49m
2020-03-10 22:01:53,633-INFO-test_register.py-zzq-日志信息：用例：不输入密码，执行[30m[42m通过[39m[49m
2020-03-10 22:01:53,780-INFO-test_register.py-zzq-日志信息：用例：注册名11位，执行[30m[42m通过[39m[49m
2020-03-10 22:01:53,931-INFO-test_register.py-zzq-日志信息：用例：类型输入非0，1内容，执行[30m[42m通过[39m[49m
2020-03-10 22:01:54,186-INFO-test_register.py-zzq-日志信息：用例：不输入类型，执行[30m[42m通过[39m[49m
2020-03-10 22:01:54,382-INFO-test_withdraw.py-zzq-日志信息：用例：登录成功，执行[30m[42m通过[39m[49m
2020-03-10 22:01:54,695-INFO-test_withdraw.py-zzq-日志信息：用例：提现成功-整数，执行[30m[42m通过[39m[49m
2020-03-10 22:01:54,996-INFO-test_withdraw.py-zzq-日志信息：用例：提现成功-1位小数，执行[30m[42m通过[39m[49m
2020-03-10 22:01:55,287-INFO-test_withdraw.py-zzq-日志信息：用例：提现成功-2位小数，执行[30m[42m通过[39m[49m
2020-03-10 22:01:55,587-INFO-test_withdraw.py-zzq-日志信息：用例：提现成功-50万，执行[30m[42m通过[39m[49m
2020-03-10 22:01:55,776-INFO-test_withdraw.py-zzq-日志信息：用例：会员id为空，执行[30m[42m通过[39m[49m
2020-03-10 22:01:55,940-INFO-test_withdraw.py-zzq-日志信息：用例：会员id不存在，执行[30m[42m通过[39m[49m
2020-03-10 22:01:56,101-ERROR-test_withdraw.py-zzq-日志信息：用例：会员id为字符串，执行[30m[41m未通过[39m[49m
2020-03-10 22:01:56,253-INFO-test_withdraw.py-zzq-日志信息：用例：会员id为小数，执行[30m[42m通过[39m[49m
2020-03-10 22:01:56,424-ERROR-test_withdraw.py-zzq-日志信息：用例：提现金额为0，执行[30m[41m未通过[39m[49m
2020-03-10 22:01:56,577-ERROR-test_withdraw.py-zzq-日志信息：用例：提现金额为负数，执行[30m[41m未通过[39m[49m
2020-03-10 22:01:56,728-ERROR-test_withdraw.py-zzq-日志信息：用例：提现金额为空，执行[30m[41m未通过[39m[49m
2020-03-10 22:01:56,876-ERROR-test_withdraw.py-zzq-日志信息：用例：提现金额-3位小数，执行[30m[41m未通过[39m[49m
2020-03-10 22:01:57,021-ERROR-test_withdraw.py-zzq-日志信息：用例：提现金额-大于50万，执行[30m[41m未通过[39m[49m
2020-03-10 22:01:57,176-INFO-test_withdraw.py-zzq-日志信息：用例：提现金额-非数字，执行[30m[42m通过[39m[49m
2020-03-10 22:03:09,922-INFO-test_add.py-zzq-日志信息：用例：加标成功，执行[30m[42m通过[39m[49m
2020-03-10 22:03:10,136-INFO-test_add.py-zzq-日志信息：用例：加标失败—借款人id为空，执行[30m[42m通过[39m[49m
2020-03-10 22:03:10,315-INFO-test_add.py-zzq-日志信息：用例：加标失败—标题为空，执行[30m[42m通过[39m[49m
2020-03-10 22:03:10,510-INFO-test_add.py-zzq-日志信息：用例：加标失败—借款金额为空，执行[30m[42m通过[39m[49m
2020-03-10 22:03:10,694-INFO-test_add.py-zzq-日志信息：用例：加标失败—年利率为空，执行[30m[42m通过[39m[49m
2020-03-10 22:03:10,891-INFO-test_add.py-zzq-日志信息：用例：加标失败—借款期限为空，执行[30m[42m通过[39m[49m
2020-03-10 22:03:11,071-INFO-test_add.py-zzq-日志信息：用例：加标失败—借款期限类型为空，执行[30m[42m通过[39m[49m
2020-03-10 22:03:11,278-INFO-test_add.py-zzq-日志信息：用例：加标失败—竞标天数为空，执行[30m[42m通过[39m[49m
2020-03-10 22:03:11,480-INFO-test_add.py-zzq-日志信息：用例：加标失败—借款人id不是当前登录用户，执行[30m[42m通过[39m[49m
2020-03-10 22:03:11,662-INFO-test_add.py-zzq-日志信息：用例：加标失败—借款金额为负数，执行[30m[42m通过[39m[49m
2020-03-10 22:03:11,843-INFO-test_add.py-zzq-日志信息：用例：加标失败—借款金额为小数，执行[30m[42m通过[39m[49m
2020-03-10 22:03:12,286-INFO-test_recharge.py-zzq-日志信息：用例：充值成功-整数，执行[30m[42m通过[39m[49m
2020-03-10 22:03:12,611-INFO-test_recharge.py-zzq-日志信息：用例：充值成功-1位小数，执行[30m[42m通过[39m[49m
2020-03-10 22:03:12,914-INFO-test_recharge.py-zzq-日志信息：用例：充值成功-2位小数，执行[30m[42m通过[39m[49m
2020-03-10 22:03:13,214-INFO-test_recharge.py-zzq-日志信息：用例：充值成功-50万，执行[30m[42m通过[39m[49m
2020-03-10 22:03:13,359-INFO-test_recharge.py-zzq-日志信息：用例：会员id为空，执行[30m[42m通过[39m[49m
2020-03-10 22:03:13,518-INFO-test_recharge.py-zzq-日志信息：用例：id不是当前登录的用户，执行[30m[42m通过[39m[49m
2020-03-10 22:03:13,676-ERROR-test_recharge.py-zzq-日志信息：用例：会员id为字符串，执行[30m[41m未通过[39m[49m
2020-03-10 22:03:13,831-INFO-test_recharge.py-zzq-日志信息：用例：会员id为小数，执行[30m[42m通过[39m[49m
2020-03-10 22:03:14,003-ERROR-test_recharge.py-zzq-日志信息：用例：充值金额为0，执行[30m[41m未通过[39m[49m
2020-03-10 22:03:14,152-ERROR-test_recharge.py-zzq-日志信息：用例：充值金额为负数，执行[30m[41m未通过[39m[49m
2020-03-10 22:03:14,294-ERROR-test_recharge.py-zzq-日志信息：用例：充值金额为空，执行[30m[41m未通过[39m[49m
2020-03-10 22:03:14,448-ERROR-test_recharge.py-zzq-日志信息：用例：充值金额-3位小数，执行[30m[41m未通过[39m[49m
2020-03-10 22:03:14,603-ERROR-test_recharge.py-zzq-日志信息：用例：充值金额-大于50万，执行[30m[41m未通过[39m[49m
2020-03-10 22:03:14,803-INFO-test_recharge.py-zzq-日志信息：用例：充值金额-非数字，执行[30m[42m通过[39m[49m
2020-03-10 22:03:15,102-ERROR-test_register.py-zzq-日志信息：用例：登录成功，执行[30m[41m未通过[39m[49m
2020-03-10 22:03:15,264-ERROR-test_register.py-zzq-日志信息：用例：手机号为空，执行[30m[41m未通过[39m[49m
2020-03-10 22:03:15,512-ERROR-test_register.py-zzq-日志信息：用例：密码为空，执行[30m[41m未通过[39m[49m
2020-03-10 22:03:15,693-INFO-test_register.py-zzq-日志信息：用例：手机号未注册，执行[30m[42m通过[39m[49m
2020-03-10 22:03:15,884-INFO-test_register.py-zzq-日志信息：用例：密码错误，执行[30m[42m通过[39m[49m
2020-03-10 22:03:16,026-INFO-test_register.py-zzq-日志信息：用例：手机号格式错误，执行[30m[42m通过[39m[49m
2020-03-10 22:03:16,309-INFO-test_register.py-zzq-日志信息：用例：注册成功-带注册名，执行[30m[42m通过[39m[49m
2020-03-10 22:03:16,559-INFO-test_register.py-zzq-日志信息：用例：成功-不带用户名，执行[30m[42m通过[39m[49m
2020-03-10 22:03:16,717-INFO-test_register.py-zzq-日志信息：用例：不输入手机号，执行[30m[42m通过[39m[49m
2020-03-10 22:03:16,879-INFO-test_register.py-zzq-日志信息：用例：手机号长度10位，执行[30m[42m通过[39m[49m
2020-03-10 22:03:17,029-INFO-test_register.py-zzq-日志信息：用例：手机号长度12位，执行[30m[42m通过[39m[49m
2020-03-10 22:03:17,179-INFO-test_register.py-zzq-日志信息：用例：手机号含有非法字符，执行[30m[42m通过[39m[49m
2020-03-10 22:03:17,338-INFO-test_register.py-zzq-日志信息：用例：已注册过的手机号，执行[30m[42m通过[39m[49m
2020-03-10 22:03:17,530-INFO-test_register.py-zzq-日志信息：用例：密码7位，执行[30m[42m通过[39m[49m
2020-03-10 22:03:17,679-INFO-test_register.py-zzq-日志信息：用例：密码17位，执行[30m[42m通过[39m[49m
2020-03-10 22:03:17,843-INFO-test_register.py-zzq-日志信息：用例：不输入密码，执行[30m[42m通过[39m[49m
2020-03-10 22:03:17,993-INFO-test_register.py-zzq-日志信息：用例：注册名11位，执行[30m[42m通过[39m[49m
2020-03-10 22:03:18,149-INFO-test_register.py-zzq-日志信息：用例：类型输入非0，1内容，执行[30m[42m通过[39m[49m
2020-03-10 22:03:18,402-INFO-test_register.py-zzq-日志信息：用例：不输入类型，执行[30m[42m通过[39m[49m
2020-03-10 22:03:18,594-INFO-test_withdraw.py-zzq-日志信息：用例：登录成功，执行[30m[42m通过[39m[49m
2020-03-10 22:03:18,879-INFO-test_withdraw.py-zzq-日志信息：用例：提现成功-整数，执行[30m[42m通过[39m[49m
2020-03-10 22:03:19,163-INFO-test_withdraw.py-zzq-日志信息：用例：提现成功-1位小数，执行[30m[42m通过[39m[49m
2020-03-10 22:03:19,458-INFO-test_withdraw.py-zzq-日志信息：用例：提现成功-2位小数，执行[30m[42m通过[39m[49m
2020-03-10 22:03:19,766-INFO-test_withdraw.py-zzq-日志信息：用例：提现成功-50万，执行[30m[42m通过[39m[49m
2020-03-10 22:03:19,926-INFO-test_withdraw.py-zzq-日志信息：用例：会员id为空，执行[30m[42m通过[39m[49m
2020-03-10 22:03:20,118-INFO-test_withdraw.py-zzq-日志信息：用例：会员id不存在，执行[30m[42m通过[39m[49m
2020-03-10 22:03:20,280-ERROR-test_withdraw.py-zzq-日志信息：用例：会员id为字符串，执行[30m[41m未通过[39m[49m
2020-03-10 22:03:20,463-INFO-test_withdraw.py-zzq-日志信息：用例：会员id为小数，执行[30m[42m通过[39m[49m
2020-03-10 22:03:20,627-ERROR-test_withdraw.py-zzq-日志信息：用例：提现金额为0，执行[30m[41m未通过[39m[49m
2020-03-10 22:03:20,785-ERROR-test_withdraw.py-zzq-日志信息：用例：提现金额为负数，执行[30m[41m未通过[39m[49m
2020-03-10 22:03:20,933-ERROR-test_withdraw.py-zzq-日志信息：用例：提现金额为空，执行[30m[41m未通过[39m[49m
2020-03-10 22:03:21,085-ERROR-test_withdraw.py-zzq-日志信息：用例：提现金额-3位小数，执行[30m[41m未通过[39m[49m
2020-03-10 22:03:21,247-ERROR-test_withdraw.py-zzq-日志信息：用例：提现金额-大于50万，执行[30m[41m未通过[39m[49m
2020-03-10 22:03:21,399-INFO-test_withdraw.py-zzq-日志信息：用例：提现金额-非数字，执行[30m[42m通过[39m[49m
2020-03-10 22:03:56,946-INFO-test_add.py-zzq-日志信息：用例：加标成功，执行[30m[42m通过[39m[49m
2020-03-10 22:03:57,119-INFO-test_add.py-zzq-日志信息：用例：加标失败—借款人id为空，执行[30m[42m通过[39m[49m
2020-03-10 22:03:57,301-INFO-test_add.py-zzq-日志信息：用例：加标失败—标题为空，执行[30m[42m通过[39m[49m
2020-03-10 22:03:57,480-INFO-test_add.py-zzq-日志信息：用例：加标失败—借款金额为空，执行[30m[42m通过[39m[49m
2020-03-10 22:03:57,659-INFO-test_add.py-zzq-日志信息：用例：加标失败—年利率为空，执行[30m[42m通过[39m[49m
2020-03-10 22:03:57,839-INFO-test_add.py-zzq-日志信息：用例：加标失败—借款期限为空，执行[30m[42m通过[39m[49m
2020-03-10 22:03:58,025-INFO-test_add.py-zzq-日志信息：用例：加标失败—借款期限类型为空，执行[30m[42m通过[39m[49m
2020-03-10 22:03:58,212-INFO-test_add.py-zzq-日志信息：用例：加标失败—竞标天数为空，执行[30m[42m通过[39m[49m
2020-03-10 22:03:58,398-INFO-test_add.py-zzq-日志信息：用例：加标失败—借款人id不是当前登录用户，执行[30m[42m通过[39m[49m
2020-03-10 22:03:58,586-INFO-test_add.py-zzq-日志信息：用例：加标失败—借款金额为负数，执行[30m[42m通过[39m[49m
2020-03-10 22:03:58,772-INFO-test_add.py-zzq-日志信息：用例：加标失败—借款金额为小数，执行[30m[42m通过[39m[49m
2020-03-10 22:03:59,400-INFO-test_recharge.py-zzq-日志信息：用例：充值成功-整数，执行[30m[42m通过[39m[49m
2020-03-10 22:03:59,728-INFO-test_recharge.py-zzq-日志信息：用例：充值成功-1位小数，执行[30m[42m通过[39m[49m
2020-03-10 22:04:00,019-INFO-test_recharge.py-zzq-日志信息：用例：充值成功-2位小数，执行[30m[42m通过[39m[49m
2020-03-10 22:04:00,303-INFO-test_recharge.py-zzq-日志信息：用例：充值成功-50万，执行[30m[42m通过[39m[49m
2020-03-10 22:04:00,463-INFO-test_recharge.py-zzq-日志信息：用例：会员id为空，执行[30m[42m通过[39m[49m
2020-03-10 22:04:00,610-INFO-test_recharge.py-zzq-日志信息：用例：id不是当前登录的用户，执行[30m[42m通过[39m[49m
2020-03-10 22:04:00,776-ERROR-test_recharge.py-zzq-日志信息：用例：会员id为字符串，执行[30m[41m未通过[39m[49m
2020-03-10 22:04:00,928-INFO-test_recharge.py-zzq-日志信息：用例：会员id为小数，执行[30m[42m通过[39m[49m
2020-03-10 22:04:01,074-ERROR-test_recharge.py-zzq-日志信息：用例：充值金额为0，执行[30m[41m未通过[39m[49m
2020-03-10 22:04:01,228-ERROR-test_recharge.py-zzq-日志信息：用例：充值金额为负数，执行[30m[41m未通过[39m[49m
2020-03-10 22:04:01,372-ERROR-test_recharge.py-zzq-日志信息：用例：充值金额为空，执行[30m[41m未通过[39m[49m
2020-03-10 22:04:01,528-ERROR-test_recharge.py-zzq-日志信息：用例：充值金额-3位小数，执行[30m[41m未通过[39m[49m
2020-03-10 22:04:01,672-ERROR-test_recharge.py-zzq-日志信息：用例：充值金额-大于50万，执行[30m[41m未通过[39m[49m
2020-03-10 22:04:01,837-INFO-test_recharge.py-zzq-日志信息：用例：充值金额-非数字，执行[30m[42m通过[39m[49m
2020-03-10 22:04:02,074-ERROR-test_register.py-zzq-日志信息：用例：登录成功，执行[30m[41m未通过[39m[49m
2020-03-10 22:04:02,220-ERROR-test_register.py-zzq-日志信息：用例：手机号为空，执行[30m[41m未通过[39m[49m
2020-03-10 22:04:02,378-ERROR-test_register.py-zzq-日志信息：用例：密码为空，执行[30m[41m未通过[39m[49m
2020-03-10 22:04:02,542-INFO-test_register.py-zzq-日志信息：用例：手机号未注册，执行[30m[42m通过[39m[49m
2020-03-10 22:04:02,716-INFO-test_register.py-zzq-日志信息：用例：密码错误，执行[30m[42m通过[39m[49m
2020-03-10 22:04:02,862-INFO-test_register.py-zzq-日志信息：用例：手机号格式错误，执行[30m[42m通过[39m[49m
2020-03-10 22:04:03,133-INFO-test_register.py-zzq-日志信息：用例：注册成功-带注册名，执行[30m[42m通过[39m[49m
2020-03-10 22:04:03,375-INFO-test_register.py-zzq-日志信息：用例：成功-不带用户名，执行[30m[42m通过[39m[49m
2020-03-10 22:04:03,523-INFO-test_register.py-zzq-日志信息：用例：不输入手机号，执行[30m[42m通过[39m[49m
2020-03-10 22:04:03,676-INFO-test_register.py-zzq-日志信息：用例：手机号长度10位，执行[30m[42m通过[39m[49m
2020-03-10 22:04:03,817-INFO-test_register.py-zzq-日志信息：用例：手机号长度12位，执行[30m[42m通过[39m[49m
2020-03-10 22:04:03,966-INFO-test_register.py-zzq-日志信息：用例：手机号含有非法字符，执行[30m[42m通过[39m[49m
2020-03-10 22:04:04,131-INFO-test_register.py-zzq-日志信息：用例：已注册过的手机号，执行[30m[42m通过[39m[49m
2020-03-10 22:04:04,312-INFO-test_register.py-zzq-日志信息：用例：密码7位，执行[30m[42m通过[39m[49m
2020-03-10 22:04:04,454-INFO-test_register.py-zzq-日志信息：用例：密码17位，执行[30m[42m通过[39m[49m
2020-03-10 22:04:04,595-INFO-test_register.py-zzq-日志信息：用例：不输入密码，执行[30m[42m通过[39m[49m
2020-03-10 22:04:04,719-INFO-test_register.py-zzq-日志信息：用例：注册名11位，执行[30m[42m通过[39m[49m
2020-03-10 22:04:04,879-INFO-test_register.py-zzq-日志信息：用例：类型输入非0，1内容，执行[30m[42m通过[39m[49m
2020-03-10 22:04:05,145-INFO-test_register.py-zzq-日志信息：用例：不输入类型，执行[30m[42m通过[39m[49m
2020-03-10 22:04:05,345-INFO-test_withdraw.py-zzq-日志信息：用例：登录成功，执行[30m[42m通过[39m[49m
2020-03-10 22:04:05,629-INFO-test_withdraw.py-zzq-日志信息：用例：提现成功-整数，执行[30m[42m通过[39m[49m
2020-03-10 22:04:05,913-INFO-test_withdraw.py-zzq-日志信息：用例：提现成功-1位小数，执行[30m[42m通过[39m[49m
2020-03-10 22:04:06,198-INFO-test_withdraw.py-zzq-日志信息：用例：提现成功-2位小数，执行[30m[42m通过[39m[49m
2020-03-10 22:04:06,478-INFO-test_withdraw.py-zzq-日志信息：用例：提现成功-50万，执行[30m[42m通过[39m[49m
2020-03-10 22:04:06,619-INFO-test_withdraw.py-zzq-日志信息：用例：会员id为空，执行[30m[42m通过[39m[49m
2020-03-10 22:04:06,771-INFO-test_withdraw.py-zzq-日志信息：用例：会员id不存在，执行[30m[42m通过[39m[49m
2020-03-10 22:04:06,928-ERROR-test_withdraw.py-zzq-日志信息：用例：会员id为字符串，执行[30m[41m未通过[39m[49m
2020-03-10 22:04:07,113-INFO-test_withdraw.py-zzq-日志信息：用例：会员id为小数，执行[30m[42m通过[39m[49m
2020-03-10 22:04:07,266-ERROR-test_withdraw.py-zzq-日志信息：用例：提现金额为0，执行[30m[41m未通过[39m[49m
2020-03-10 22:04:07,426-ERROR-test_withdraw.py-zzq-日志信息：用例：提现金额为负数，执行[30m[41m未通过[39m[49m
2020-03-10 22:04:07,569-ERROR-test_withdraw.py-zzq-日志信息：用例：提现金额为空，执行[30m[41m未通过[39m[49m
2020-03-10 22:04:07,718-ERROR-test_withdraw.py-zzq-日志信息：用例：提现金额-3位小数，执行[30m[41m未通过[39m[49m
2020-03-10 22:04:07,864-ERROR-test_withdraw.py-zzq-日志信息：用例：提现金额-大于50万，执行[30m[41m未通过[39m[49m
2020-03-10 22:04:08,011-INFO-test_withdraw.py-zzq-日志信息：用例：提现金额-非数字，执行[30m[42m通过[39m[49m
2020-03-10 22:06:50,166-INFO-test_add.py-zzq-日志信息：用例：加标成功，执行[30m[42m通过[39m[49m
2020-03-10 22:06:50,344-INFO-test_add.py-zzq-日志信息：用例：加标失败—借款人id为空，执行[30m[42m通过[39m[49m
2020-03-10 22:06:50,529-INFO-test_add.py-zzq-日志信息：用例：加标失败—标题为空，执行[30m[42m通过[39m[49m
2020-03-10 22:06:50,712-INFO-test_add.py-zzq-日志信息：用例：加标失败—借款金额为空，执行[30m[42m通过[39m[49m
2020-03-10 22:06:50,887-INFO-test_add.py-zzq-日志信息：用例：加标失败—年利率为空，执行[30m[42m通过[39m[49m
2020-03-10 22:06:51,071-INFO-test_add.py-zzq-日志信息：用例：加标失败—借款期限为空，执行[30m[42m通过[39m[49m
2020-03-10 22:06:51,245-INFO-test_add.py-zzq-日志信息：用例：加标失败—借款期限类型为空，执行[30m[42m通过[39m[49m
2020-03-10 22:06:51,417-INFO-test_add.py-zzq-日志信息：用例：加标失败—竞标天数为空，执行[30m[42m通过[39m[49m
2020-03-10 22:06:51,597-INFO-test_add.py-zzq-日志信息：用例：加标失败—借款人id不是当前登录用户，执行[30m[42m通过[39m[49m
2020-03-10 22:06:51,775-INFO-test_add.py-zzq-日志信息：用例：加标失败—借款金额为负数，执行[30m[42m通过[39m[49m
2020-03-10 22:06:51,957-INFO-test_add.py-zzq-日志信息：用例：加标失败—借款金额为小数，执行[30m[42m通过[39m[49m
2020-03-10 22:06:52,253-INFO-test_audit.py-zzq-日志信息：用例：审核通过，执行[30m[42m通过[39m[49m
2020-03-10 22:06:52,520-INFO-test_audit.py-zzq-日志信息：用例：审核不通过，执行[30m[42m通过[39m[49m
2020-03-10 22:06:53,360-INFO-test_audit.py-zzq-日志信息：用例：项目不待审核状态，执行[30m[42m通过[39m[49m
2020-03-10 22:06:53,536-INFO-test_audit.py-zzq-日志信息：用例：参数approved_or_not为空，执行[30m[42m通过[39m[49m
2020-03-10 22:06:53,715-INFO-test_audit.py-zzq-日志信息：用例：项目id为空，执行[30m[42m通过[39m[49m
2020-03-10 22:06:53,897-INFO-test_audit.py-zzq-日志信息：用例：项目id不存在，执行[30m[42m通过[39m[49m
2020-03-10 22:06:54,259-INFO-test_recharge.py-zzq-日志信息：用例：充值成功-整数，执行[30m[42m通过[39m[49m
2020-03-10 22:06:54,778-INFO-test_recharge.py-zzq-日志信息：用例：充值成功-1位小数，执行[30m[42m通过[39m[49m
2020-03-10 22:06:55,066-INFO-test_recharge.py-zzq-日志信息：用例：充值成功-2位小数，执行[30m[42m通过[39m[49m
2020-03-10 22:06:55,349-INFO-test_recharge.py-zzq-日志信息：用例：充值成功-50万，执行[30m[42m通过[39m[49m
2020-03-10 22:06:55,492-INFO-test_recharge.py-zzq-日志信息：用例：会员id为空，执行[30m[42m通过[39m[49m
2020-03-10 22:06:55,641-INFO-test_recharge.py-zzq-日志信息：用例：id不是当前登录的用户，执行[30m[42m通过[39m[49m
2020-03-10 22:06:55,794-ERROR-test_recharge.py-zzq-日志信息：用例：会员id为字符串，执行[30m[41m未通过[39m[49m
2020-03-10 22:06:55,946-INFO-test_recharge.py-zzq-日志信息：用例：会员id为小数，执行[30m[42m通过[39m[49m
2020-03-10 22:06:56,132-ERROR-test_recharge.py-zzq-日志信息：用例：充值金额为0，执行[30m[41m未通过[39m[49m
2020-03-10 22:06:56,312-ERROR-test_recharge.py-zzq-日志信息：用例：充值金额为负数，执行[30m[41m未通过[39m[49m
2020-03-10 22:06:56,462-ERROR-test_recharge.py-zzq-日志信息：用例：充值金额为空，执行[30m[41m未通过[39m[49m
2020-03-10 22:06:56,616-ERROR-test_recharge.py-zzq-日志信息：用例：充值金额-3位小数，执行[30m[41m未通过[39m[49m
2020-03-10 22:06:56,766-ERROR-test_recharge.py-zzq-日志信息：用例：充值金额-大于50万，执行[30m[41m未通过[39m[49m
2020-03-10 22:06:56,916-INFO-test_recharge.py-zzq-日志信息：用例：充值金额-非数字，执行[30m[42m通过[39m[49m
2020-03-10 22:06:57,107-ERROR-test_register.py-zzq-日志信息：用例：登录成功，执行[30m[41m未通过[39m[49m
2020-03-10 22:06:57,259-ERROR-test_register.py-zzq-日志信息：用例：手机号为空，执行[30m[41m未通过[39m[49m
2020-03-10 22:06:57,418-ERROR-test_register.py-zzq-日志信息：用例：密码为空，执行[30m[41m未通过[39m[49m
2020-03-10 22:06:57,592-INFO-test_register.py-zzq-日志信息：用例：手机号未注册，执行[30m[42m通过[39m[49m
2020-03-10 22:06:57,765-INFO-test_register.py-zzq-日志信息：用例：密码错误，执行[30m[42m通过[39m[49m
2020-03-10 22:06:57,911-INFO-test_register.py-zzq-日志信息：用例：手机号格式错误，执行[30m[42m通过[39m[49m
2020-03-10 22:06:58,194-INFO-test_register.py-zzq-日志信息：用例：注册成功-带注册名，执行[30m[42m通过[39m[49m
2020-03-10 22:06:58,517-INFO-test_register.py-zzq-日志信息：用例：成功-不带用户名，执行[30m[42m通过[39m[49m
2020-03-10 22:06:58,665-INFO-test_register.py-zzq-日志信息：用例：不输入手机号，执行[30m[42m通过[39m[49m
2020-03-10 22:06:58,815-INFO-test_register.py-zzq-日志信息：用例：手机号长度10位，执行[30m[42m通过[39m[49m
2020-03-10 22:06:58,960-INFO-test_register.py-zzq-日志信息：用例：手机号长度12位，执行[30m[42m通过[39m[49m
2020-03-10 22:06:59,114-INFO-test_register.py-zzq-日志信息：用例：手机号含有非法字符，执行[30m[42m通过[39m[49m
2020-03-10 22:06:59,283-INFO-test_register.py-zzq-日志信息：用例：已注册过的手机号，执行[30m[42m通过[39m[49m
2020-03-10 22:06:59,432-INFO-test_register.py-zzq-日志信息：用例：密码7位，执行[30m[42m通过[39m[49m
2020-03-10 22:06:59,600-INFO-test_register.py-zzq-日志信息：用例：密码17位，执行[30m[42m通过[39m[49m
2020-03-10 22:06:59,751-INFO-test_register.py-zzq-日志信息：用例：不输入密码，执行[30m[42m通过[39m[49m
2020-03-10 22:06:59,911-INFO-test_register.py-zzq-日志信息：用例：注册名11位，执行[30m[42m通过[39m[49m
2020-03-10 22:07:00,080-INFO-test_register.py-zzq-日志信息：用例：类型输入非0，1内容，执行[30m[42m通过[39m[49m
2020-03-10 22:07:00,322-INFO-test_register.py-zzq-日志信息：用例：不输入类型，执行[30m[42m通过[39m[49m
2020-03-10 22:07:00,513-INFO-test_withdraw.py-zzq-日志信息：用例：登录成功，执行[30m[42m通过[39m[49m
2020-03-10 22:07:00,804-INFO-test_withdraw.py-zzq-日志信息：用例：提现成功-整数，执行[30m[42m通过[39m[49m
2020-03-10 22:07:01,132-INFO-test_withdraw.py-zzq-日志信息：用例：提现成功-1位小数，执行[30m[42m通过[39m[49m
2020-03-10 22:07:01,429-INFO-test_withdraw.py-zzq-日志信息：用例：提现成功-2位小数，执行[30m[42m通过[39m[49m
2020-03-10 22:07:01,718-INFO-test_withdraw.py-zzq-日志信息：用例：提现成功-50万，执行[30m[42m通过[39m[49m
2020-03-10 22:07:01,845-INFO-test_withdraw.py-zzq-日志信息：用例：会员id为空，执行[30m[42m通过[39m[49m
2020-03-10 22:07:01,993-INFO-test_withdraw.py-zzq-日志信息：用例：会员id不存在，执行[30m[42m通过[39m[49m
2020-03-10 22:07:02,146-ERROR-test_withdraw.py-zzq-日志信息：用例：会员id为字符串，执行[30m[41m未通过[39m[49m
2020-03-10 22:07:02,299-INFO-test_withdraw.py-zzq-日志信息：用例：会员id为小数，执行[30m[42m通过[39m[49m
2020-03-10 22:07:02,458-ERROR-test_withdraw.py-zzq-日志信息：用例：提现金额为0，执行[30m[41m未通过[39m[49m
2020-03-10 22:07:02,629-ERROR-test_withdraw.py-zzq-日志信息：用例：提现金额为负数，执行[30m[41m未通过[39m[49m
2020-03-10 22:07:02,777-ERROR-test_withdraw.py-zzq-日志信息：用例：提现金额为空，执行[30m[41m未通过[39m[49m
2020-03-10 22:07:02,954-ERROR-test_withdraw.py-zzq-日志信息：用例：提现金额-3位小数，执行[30m[41m未通过[39m[49m
2020-03-10 22:07:03,130-ERROR-test_withdraw.py-zzq-日志信息：用例：提现金额-大于50万，执行[30m[41m未通过[39m[49m
2020-03-10 22:07:03,278-INFO-test_withdraw.py-zzq-日志信息：用例：提现金额-非数字，执行[30m[42m通过[39m[49m
